{"numTotalTestSuites":42,"numPassedTestSuites":39,"numFailedTestSuites":3,"numPendingTestSuites":0,"numTotalTests":130,"numPassedTests":128,"numFailedTests":2,"numPendingTests":0,"numTodoTests":0,"snapshot":{"added":0,"failure":false,"filesAdded":0,"filesRemoved":0,"filesRemovedList":[],"filesUnmatched":0,"filesUpdated":0,"matched":0,"total":0,"unchecked":0,"uncheckedKeysByFile":[],"unmatched":0,"updated":0,"didUpdate":false},"startTime":1783305438613,"success":false,"testResults":[{"assertionResults":[{"ancestorTitles":["useAutoLiveSearch"],"fullName":"useAutoLiveSearch enabled=false 时 remainMap 为空","status":"passed","title":"enabled=false 时 remainMap 为空","duration":32.33429999999498,"failureMessages":[],"meta":{},"tags":[]},{"ancestorTitles":["useAutoLiveSearch"],"fullName":"useAutoLiveSearch enabled=true 时初始化 running 任务的倒计时为 interval_seconds","status":"passed","title":"enabled=true 时初始化 running 任务的倒计时为 interval_seconds","duration":9.353699999999662,"failureMessages":[],"meta":{},"tags":[]},{"ancestorTitles":["useAutoLiveSearch"],"fullName":"useAutoLiveSearch 每秒 tick 倒计时递减 1","status":"passed","title":"每秒 tick 倒计时递减 1","duration":5.265099999996892,"failureMessages":[],"meta":{},"tags":[]},{"ancestorTitles":["useAutoLiveSearch"],"fullName":"useAutoLiveSearch document.hidden=true 时 tick 不递减","status":"passed","title":"document.hidden=true 时 tick 不递减","duration":5.191200000001118,"failureMessages":[],"meta":{},"tags":[]},{"ancestorTitles":["useAutoLiveSearch"],"fullName":"useAutoLiveSearch 任务状态从 running 变为 paused 时从 remainMap 移除","status":"passed","title":"任务状态从 running 变为 paused 时从 remainMap 移除","duration":6.580000000001746,"failureMessages":[],"meta":{},"tags":[]},{"ancestorTitles":["useAutoLiveSearch"],"fullName":"useAutoLiveSearch 搜索完成后倒计时重置为 interval_seconds","status":"passed","title":"搜索完成后倒计时重置为 interval_seconds","duration":6.278800000000047,"failureMessages":[],"meta":{},"tags":[]},{"ancestorTitles":["useAutoLiveSearch"],"fullName":"useAutoLiveSearch 搜索失败时倒计时仍重置","status":"passed","title":"搜索失败时倒计时仍重置","duration":5.514699999999721,"failureMessages":[],"meta":{},"tags":[]},{"ancestorTitles":["useAutoLiveSearch"],"fullName":"useAutoLiveSearch 搜索失败时透传后端 detail 到 onTaskSearchComplete","status":"passed","title":"搜索失败时透传后端 detail 到 onTaskSearchComplete","duration":6.481999999996333,"failureMessages":[],"meta":{},"tags":[]},{"ancestorTitles":["useAutoLiveSearch"],"fullName":"useAutoLiveSearch pauseAll 清空 remainMap 与队列","status":"passed","title":"pauseAll 清空 remainMap 与队列","duration":3.0702999999994063,"failureMessages":[],"meta":{},"tags":[]},{"ancestorTitles":["useAutoLiveSearch"],"fullName":"useAutoLiveSearch 搜索中倒计时保持不递减（避免显示负数）","status":"passed","title":"搜索中倒计时保持不递减（避免显示负数）","duration":12.362600000000384,"failureMessages":[],"meta":{},"tags":[]},{"ancestorTitles":["useAutoLiveSearch"],"fullName":"useAutoLiveSearch resumeAll 重置所有 running 任务的倒计时","status":"passed","title":"resumeAll 重置所有 running 任务的倒计时","duration":3.130300000004354,"failureMessages":[],"meta":{},"tags":[]},{"ancestorTitles":["useAutoLiveSearch"],"fullName":"useAutoLiveSearch 选项 B：页面隐藏后恢复可见时保留剩余值并继续递减","status":"passed","title":"选项 B：页面隐藏后恢复可见时保留剩余值并继续递减","duration":4.312200000000303,"failureMessages":[],"meta":{},"tags":[]}],"startTime":1783305495270,"endTime":1783305495370.3123,"status":"passed","message":"","name":"D:/code/otherProjects/17_xianyu/frontend/src/hooks/__tests__/useAutoLiveSearch.test.ts"},{"assertionResults":[{"ancestorTitles":["usePersistentState"],"fullName":"usePersistentState 初始化时从 localStorage 读取已存储的值","status":"passed","title":"初始化时从 localStorage 读取已存储的值","duration":31.75460000000021,"failureMessages":[],"meta":{},"tags":[]},{"ancestorTitles":["usePersistentState"],"fullName":"usePersistentState localStorage 无数据时使用默认值","status":"passed","title":"localStorage 无数据时使用默认值","duration":5.368000000002212,"failureMessages":[],"meta":{},"tags":[]},{"ancestorTitles":["usePersistentState"],"fullName":"usePersistentState 状态变化后自动保存到 localStorage（防抖）","status":"passed","title":"状态变化后自动保存到 localStorage（防抖）","duration":13.444299999995565,"failureMessages":[],"meta":{},"tags":[]},{"ancestorTitles":["usePersistentState"],"fullName":"usePersistentState 支持函数式更新","status":"passed","title":"支持函数式更新","duration":7.530400000003283,"failureMessages":[],"meta":{},"tags":[]},{"ancestorTitles":["usePersistentState"],"fullName":"usePersistentState validator 验证失败时返回默认值","status":"passed","title":"validator 验证失败时返回默认值","duration":3.9680000000007567,"failureMessages":[],"meta":{},"tags":[]},{"ancestorTitles":["usePersistentState"],"fullName":"usePersistentState remove 方法清除存储并重置为默认值","status":"passed","title":"remove 方法清除存储并重置为默认值","duration":3.4144000000014785,"failureMessages":[],"meta":{},"tags":[]},{"ancestorTitles":["usePersistentState"],"fullName":"usePersistentState isPersistent 标识在 localStorage 可用时为 true","status":"passed","title":"isPersistent 标识在 localStorage 可用时为 true","duration":2.239499999996042,"failureMessages":[],"meta":{},"tags":[]},{"ancestorTitles":["usePersistentState"],"fullName":"usePersistentState 快速连续更新只写入最后一次（防抖合并）","status":"passed","title":"快速连续更新只写入最后一次（防抖合并）","duration":7.251200000006065,"failureMessages":[],"meta":{},"tags":[]},{"ancestorTitles":["usePersistentState"],"fullName":"usePersistentState 对象类型数据正确序列化和反序列化","status":"passed","title":"对象类型数据正确序列化和反序列化","duration":3.9574999999967986,"failureMessages":[],"meta":{},"tags":[]}],"startTime":1783305495317,"endTime":1783305495396.9575,"status":"passed","message":"","name":"D:/code/otherProjects/17_xianyu/frontend/src/hooks/__tests__/usePersistentState.test.ts"},{"assertionResults":[{"ancestorTitles":["TabBar"],"fullName":"TabBar 应渲染 5 个 Tab","status":"passed","title":"应渲染 5 个 Tab","duration":748.4302000000025,"failureMessages":[],"meta":{},"tags":[]},{"ancestorTitles":["TabBar"],"fullName":"TabBar 当前路径 /m/tasks 时任务 Tab 应为 active","status":"passed","title":"当前路径 /m/tasks 时任务 Tab 应为 active","duration":102.0804000000062,"failureMessages":[],"meta":{},"tags":[]}],"startTime":1783305793314,"endTime":1783305794165.0803,"status":"passed","message":"","name":"D:/code/otherProjects/17_xianyu/frontend/src/mobile/__tests__/TabBar.test.tsx"},{"assertionResults":[{"ancestorTitles":["storage.get"],"fullName":"storage.get 读取已存储的数据","status":"passed","title":"读取已存储的数据","duration":5.252700000004552,"failureMessages":[],"meta":{},"tags":[]},{"ancestorTitles":["storage.get"],"fullName":"storage.get 键不存在时返回默认值","status":"passed","title":"键不存在时返回默认值","duration":0.7567000000053667,"failureMessages":[],"meta":{},"tags":[]},{"ancestorTitles":["storage.get"],"fullName":"storage.get validator 验证通过时返回数据","status":"passed","title":"validator 验证通过时返回数据","duration":0.47439999999915017,"failureMessages":[],"meta":{},"tags":[]},{"ancestorTitles":["storage.get"],"fullName":"storage.get validator 验证失败时返回默认值并清除脏数据","status":"passed","title":"validator 验证失败时返回默认值并清除脏数据","duration":0.6644000000014785,"failureMessages":[],"meta":{},"tags":[]},{"ancestorTitles":["storage.get"],"fullName":"storage.get JSON 解析失败时返回默认值","status":"passed","title":"JSON 解析失败时返回默认值","duration":0.455100000006496,"failureMessages":[],"meta":{},"tags":[]},{"ancestorTitles":["storage.get"],"fullName":"storage.get 格式不匹配（无 __v 字段）时返回默认值","status":"passed","title":"格式不匹配（无 __v 字段）时返回默认值","duration":0.35469999999622814,"failureMessages":[],"meta":{},"tags":[]},{"ancestorTitles":["storage.set"],"fullName":"storage.set 正常写入数据","status":"passed","title":"正常写入数据","duration":0.9490000000005239,"failureMessages":[],"meta":{},"tags":[]},{"ancestorTitles":["storage.set"],"fullName":"storage.set 存储格式包含版本号","status":"passed","title":"存储格式包含版本号","duration":1.7369000000035157,"failureMessages":[],"meta":{},"tags":[]},{"ancestorTitles":["storage.remove"],"fullName":"storage.remove 删除已存在的键","status":"passed","title":"删除已存在的键","duration":0.42519999999785796,"failureMessages":[],"meta":{},"tags":[]},{"ancestorTitles":["storage.remove"],"fullName":"storage.remove 删除不存在的键不报错","status":"passed","title":"删除不存在的键不报错","duration":1.7210999999952037,"failureMessages":[],"meta":{},"tags":[]},{"ancestorTitles":["storage.isAvailable"],"fullName":"storage.isAvailable localStorage 可用时返回 true","status":"passed","title":"localStorage 可用时返回 true","duration":0.2989000000015949,"failureMessages":[],"meta":{},"tags":[]},{"ancestorTitles":["storage.isAvailable"],"fullName":"storage.isAvailable localStorage 不可用时返回 false","status":"failed","title":"localStorage 不可用时返回 false","duration":13.141100000000733,"failureMessages":["AssertionError: expected true to be false // Object.is equality\n    at D:/code/otherProjects/17_xianyu/frontend/src/utils/__tests__/storage.test.ts:113:35\n    at file:///D:/code/otherProjects/17_xianyu/frontend/node_modules/@vitest/runner/dist/chunk-artifact.js:302:11\n    at file:///D:/code/otherProjects/17_xianyu/frontend/node_modules/@vitest/runner/dist/chunk-artifact.js:1903:26\n    at file:///D:/code/otherProjects/17_xianyu/frontend/node_modules/@vitest/runner/dist/chunk-artifact.js:2326:20\n    at new Promise (<anonymous>)\n    at runWithCancel (file:///D:/code/otherProjects/17_xianyu/frontend/node_modules/@vitest/runner/dist/chunk-artifact.js:2323:10)\n    at file:///D:/code/otherProjects/17_xianyu/frontend/node_modules/@vitest/runner/dist/chunk-artifact.js:2305:20\n    at new Promise (<anonymous>)\n    at runWithTimeout (file:///D:/code/otherProjects/17_xianyu/frontend/node_modules/@vitest/runner/dist/chunk-artifact.js:2272:10)\n    at file:///D:/code/otherProjects/17_xianyu/frontend/node_modules/@vitest/runner/dist/chunk-artifact.js:2955:64"],"meta":{},"tags":[]},{"ancestorTitles":["storage 回退机制"],"fullName":"storage 回退机制 localStorage 不可用时回退到内存存储","status":"failed","title":"localStorage 不可用时回退到内存存储","duration":4.936800000003132,"failureMessages":["AssertionError: expected 'default' to be 'memory-value' // Object.is equality\n    at D:/code/otherProjects/17_xianyu/frontend/src/utils/__tests__/storage.test.ts:138:20\n    at file:///D:/code/otherProjects/17_xianyu/frontend/node_modules/@vitest/runner/dist/chunk-artifact.js:302:11\n    at file:///D:/code/otherProjects/17_xianyu/frontend/node_modules/@vitest/runner/dist/chunk-artifact.js:1903:26\n    at file:///D:/code/otherProjects/17_xianyu/frontend/node_modules/@vitest/runner/dist/chunk-artifact.js:2326:20\n    at new Promise (<anonymous>)\n    at runWithCancel (file:///D:/code/otherProjects/17_xianyu/frontend/node_modules/@vitest/runner/dist/chunk-artifact.js:2323:10)\n    at file:///D:/code/otherProjects/17_xianyu/frontend/node_modules/@vitest/runner/dist/chunk-artifact.js:2305:20\n    at new Promise (<anonymous>)\n    at runWithTimeout (file:///D:/code/otherProjects/17_xianyu/frontend/node_modules/@vitest/runner/dist/chunk-artifact.js:2272:10)\n    at file:///D:/code/otherProjects/17_xianyu/frontend/node_modules/@vitest/runner/dist/chunk-artifact.js:2955:64"],"meta":{},"tags":[]}],"startTime":1783305472038,"endTime":1783305472069.9368,"status":"failed","message":"","name":"D:/code/otherProjects/17_xianyu/frontend/src/utils/__tests__/storage.test.ts"},{"assertionResults":[{"ancestorTitles":["sheetStore","openSheet"],"fullName":"sheetStore openSheet 新 path 开新 sheet 并激活，navigate 同步 URL","status":"passed","title":"新 path 开新 sheet 并激活，navigate 同步 URL","duration":12.23700000000099,"failureMessages":[],"meta":{},"tags":[]},{"ancestorTitles":["sheetStore","openSheet"],"fullName":"sheetStore openSheet 已存在的 path 不重复打开，仅激活","status":"passed","title":"已存在的 path 不重复打开，仅激活","duration":2.153099999995902,"failureMessages":[],"meta":{},"tags":[]},{"ancestorTitles":["sheetStore","openSheet"],"fullName":"sheetStore openSheet 达到 maxSheets 上限时阻止并返回 reason: limit","status":"passed","title":"达到 maxSheets 上限时阻止并返回 reason: limit","duration":1.7929000000003725,"failureMessages":[],"meta":{},"tags":[]},{"ancestorTitles":["sheetStore","openSheet"],"fullName":"sheetStore openSheet registry 中不存在的 path 返回 not_found","status":"passed","title":"registry 中不存在的 path 返回 not_found","duration":0.9934999999968568,"failureMessages":[],"meta":{},"tags":[]},{"ancestorTitles":["sheetStore","openSheet"],"fullName":"sheetStore openSheet 触发持久化（防抖 300ms）","status":"passed","title":"触发持久化（防抖 300ms）","duration":5.1348999999972875,"failureMessages":[],"meta":{},"tags":[]},{"ancestorTitles":["sheetStore","openSheet"],"fullName":"sheetStore openSheet 移动端模式下：已有激活 sheet 且新 path 不同时替换（不累计栈）","status":"passed","title":"移动端模式下：已有激活 sheet 且新 path 不同时替换（不累计栈）","duration":2.8867000000027474,"failureMessages":[],"meta":{},"tags":[]},{"ancestorTitles":["sheetStore","openSheet"],"fullName":"sheetStore openSheet 移动端模式下不受 maxSheets 限制","status":"passed","title":"移动端模式下不受 maxSheets 限制","duration":2.578699999998207,"failureMessages":[],"meta":{},"tags":[]},{"ancestorTitles":["sheetStore","openSheet","循环替换（circularReplaceEnabled）"],"fullName":"sheetStore openSheet 循环替换（circularReplaceEnabled） circularReplaceEnabled=true 时达到上限自动淘汰最旧非激活 sheet","status":"passed","title":"circularReplaceEnabled=true 时达到上限自动淘汰最旧非激活 sheet","duration":2.868399999999383,"failureMessages":[],"meta":{},"tags":[]},{"ancestorTitles":["sheetStore","openSheet","循环替换（circularReplaceEnabled）"],"fullName":"sheetStore openSheet 循环替换（circularReplaceEnabled） circularReplaceEnabled=false（默认）仍返回 limit（保持向后兼容）","status":"passed","title":"circularReplaceEnabled=false（默认）仍返回 limit（保持向后兼容）","duration":2.536599999999453,"failureMessages":[],"meta":{},"tags":[]},{"ancestorTitles":["sheetStore","openSheet","循环替换（circularReplaceEnabled）"],"fullName":"sheetStore openSheet 循环替换（circularReplaceEnabled） 保护 activeId：非激活 sheet 中按 openedAt 升序选最旧","status":"passed","title":"保护 activeId：非激活 sheet 中按 openedAt 升序选最旧","duration":1.5552000000025146,"failureMessages":[],"meta":{},"tags":[]},{"ancestorTitles":["sheetStore","openSheet","循环替换（circularReplaceEnabled）"],"fullName":"sheetStore openSheet 循环替换（circularReplaceEnabled） 极端情况：所有 sheet 都是激活态时退回全体 openedAt 升序","status":"passed","title":"极端情况：所有 sheet 都是激活态时退回全体 openedAt 升序","duration":1.2117999999973108,"failureMessages":[],"meta":{},"tags":[]},{"ancestorTitles":["sheetStore","openSheet","循环替换（circularReplaceEnabled）"],"fullName":"sheetStore openSheet 循环替换（circularReplaceEnabled） 循环替换 FIFO 截断回收栈到最多 5 条","status":"passed","title":"循环替换 FIFO 截断回收栈到最多 5 条","duration":1.436199999996461,"failureMessages":[],"meta":{},"tags":[]},{"ancestorTitles":["sheetStore","openSheet","循环替换（circularReplaceEnabled）"],"fullName":"sheetStore openSheet 循环替换（circularReplaceEnabled） path 已存在时仅激活，不触发 replacedSheet","status":"passed","title":"path 已存在时仅激活，不触发 replacedSheet","duration":1.19369999999617,"failureMessages":[],"meta":{},"tags":[]},{"ancestorTitles":["sheetStore","openSheet","循环替换（circularReplaceEnabled）"],"fullName":"sheetStore openSheet 循环替换（circularReplaceEnabled） 移动端模式不受 circularReplaceEnabled 影响","status":"passed","title":"移动端模式不受 circularReplaceEnabled 影响","duration":2.1895000000004075,"failureMessages":[],"meta":{},"tags":[]},{"ancestorTitles":["sheetStore","closeSheet"],"fullName":"sheetStore closeSheet 关闭非激活项：仅移除，activeId 不变","status":"passed","title":"关闭非激活项：仅移除，activeId 不变","duration":1.250899999999092,"failureMessages":[],"meta":{},"tags":[]},{"ancestorTitles":["sheetStore","closeSheet"],"fullName":"sheetStore closeSheet 关闭激活项：激活右侧相邻 sheet 并 navigate","status":"passed","title":"关闭激活项：激活右侧相邻 sheet 并 navigate","duration":2.3194000000003143,"failureMessages":[],"meta":{},"tags":[]},{"ancestorTitles":["sheetStore","closeSheet"],"fullName":"sheetStore closeSheet 栈空时 activeId 为 null","status":"passed","title":"栈空时 activeId 为 null","duration":1.006100000005972,"failureMessages":[],"meta":{},"tags":[]},{"ancestorTitles":["sheetStore","activateSheet"],"fullName":"sheetStore activateSheet 切换激活并 navigate 到该 sheet path","status":"passed","title":"切换激活并 navigate 到该 sheet path","duration":0.8032999999995809,"failureMessages":[],"meta":{},"tags":[]},{"ancestorTitles":["sheetStore","minimizeSheet / restoreSheet"],"fullName":"sheetStore minimizeSheet / restoreSheet 最小化激活项：自动激活下一个非最小化 sheet","status":"passed","title":"最小化激活项：自动激活下一个非最小化 sheet","duration":0.9386000000013155,"failureMessages":[],"meta":{},"tags":[]},{"ancestorTitles":["sheetStore","minimizeSheet / restoreSheet"],"fullName":"sheetStore minimizeSheet / restoreSheet 恢复最小化项：不自动激活","status":"passed","title":"恢复最小化项：不自动激活","duration":1.9703999999983353,"failureMessages":[],"meta":{},"tags":[]},{"ancestorTitles":["sheetStore","setPreferences"],"fullName":"sheetStore setPreferences 动态更新偏好并持久化","status":"passed","title":"动态更新偏好并持久化","duration":1.0733000000036554,"failureMessages":[],"meta":{},"tags":[]},{"ancestorTitles":["sheetStore","setPreferences"],"fullName":"sheetStore setPreferences maxSheets 钳制到 [1, 10]","status":"passed","title":"maxSheets 钳制到 [1, 10]","duration":0.6137000000016997,"failureMessages":[],"meta":{},"tags":[]},{"ancestorTitles":["sheetStore","setPreferences"],"fullName":"sheetStore setPreferences doubleClickInterval 钳制到 [200, 800]","status":"passed","title":"doubleClickInterval 钳制到 [200, 800]","duration":0.5590999999985797,"failureMessages":[],"meta":{},"tags":[]},{"ancestorTitles":["sheetStore","setPreferences"],"fullName":"sheetStore setPreferences doubleClickInterval 非法值回退默认 350","status":"passed","title":"doubleClickInterval 非法值回退默认 350","duration":0.48479999999835854,"failureMessages":[],"meta":{},"tags":[]},{"ancestorTitles":["sheetStore","setPreferences"],"fullName":"sheetStore setPreferences 双击关闭与缩略图模式开关正常切换并持久化","status":"passed","title":"双击关闭与缩略图模式开关正常切换并持久化","duration":1.006999999997788,"failureMessages":[],"meta":{},"tags":[]},{"ancestorTitles":["sheetStore","hydrate"],"fullName":"sheetStore hydrate 从 localStorage 恢复 sheets + activeId + preferences","status":"passed","title":"从 localStorage 恢复 sheets + activeId + preferences","duration":1.2053000000014435,"failureMessages":[],"meta":{},"tags":[]},{"ancestorTitles":["sheetStore","hydrate"],"fullName":"sheetStore hydrate path 已不在 registry 的 sheet 静默丢弃","status":"passed","title":"path 已不在 registry 的 sheet 静默丢弃","duration":0.8705000000045402,"failureMessages":[],"meta":{},"tags":[]},{"ancestorTitles":["sheetStore","hydrate"],"fullName":"sheetStore hydrate 脏数据/解析失败回退默认空状态","status":"passed","title":"脏数据/解析失败回退默认空状态","duration":1.2292000000015832,"failureMessages":[],"meta":{},"tags":[]},{"ancestorTitles":["sheetStore","hydrate"],"fullName":"sheetStore hydrate 旧版本持久化数据缺失新字段时回退默认值","status":"passed","title":"旧版本持久化数据缺失新字段时回退默认值","duration":1.1266999999934342,"failureMessages":[],"meta":{},"tags":[]},{"ancestorTitles":["sheetStore","hydrate"],"fullName":"sheetStore hydrate 恢复时 doubleClickInterval 超界会被钳制","status":"passed","title":"恢复时 doubleClickInterval 超界会被钳制","duration":0.7857000000003609,"failureMessages":[],"meta":{},"tags":[]},{"ancestorTitles":["sheetStore","persist 字段过滤"],"fullName":"sheetStore persist 字段过滤 不持久化 icon（ReactNode）","status":"passed","title":"不持久化 icon（ReactNode）","duration":1.043600000004517,"failureMessages":[],"meta":{},"tags":[]},{"ancestorTitles":["sheetStore","closeAll"],"fullName":"sheetStore closeAll 清空所有 sheet，activeId 为 null","status":"passed","title":"清空所有 sheet，activeId 为 null","duration":0.882499999999709,"failureMessages":[],"meta":{},"tags":[]},{"ancestorTitles":["sheetStore","setMobileMode"],"fullName":"sheetStore setMobileMode 切换 isMobile 标志","status":"passed","title":"切换 isMobile 标志","duration":0.744700000002922,"failureMessages":[],"meta":{},"tags":[]},{"ancestorTitles":["sheetStore","setNavigator"],"fullName":"sheetStore setNavigator 注入 navigator 函数供 store 内部 navigate 调用","status":"passed","title":"注入 navigator 函数供 store 内部 navigate 调用","duration":0.7910999999949127,"failureMessages":[],"meta":{},"tags":[]},{"ancestorTitles":["sheetStore","restoreReplaced"],"fullName":"sheetStore restoreReplaced 从回收栈恢复被替换的 sheet，生成新 id，保持原 openedAt","status":"passed","title":"从回收栈恢复被替换的 sheet，生成新 id，保持原 openedAt","duration":3.364000000001397,"failureMessages":[],"meta":{},"tags":[]},{"ancestorTitles":["sheetStore","restoreReplaced"],"fullName":"sheetStore restoreReplaced id 不存在时返回 not_found","status":"passed","title":"id 不存在时返回 not_found","duration":1.0020000000004075,"failureMessages":[],"meta":{},"tags":[]},{"ancestorTitles":["sheetStore","restoreReplaced"],"fullName":"sheetStore restoreReplaced 栈满时恢复仍允许（撤销动作不应被拒绝，可能临时超 maxSheets）","status":"passed","title":"栈满时恢复仍允许（撤销动作不应被拒绝，可能临时超 maxSheets）","duration":1.3577000000004773,"failureMessages":[],"meta":{},"tags":[]},{"ancestorTitles":["sheetStore","restoreReplaced"],"fullName":"sheetStore restoreReplaced 被恢复的 path 已重新存在于栈时：仅激活现有那个 + 从回收栈移除","status":"passed","title":"被恢复的 path 已重新存在于栈时：仅激活现有那个 + 从回收栈移除","duration":1.7757000000055996,"failureMessages":[],"meta":{},"tags":[]},{"ancestorTitles":["sheetStore","restoreReplaced"],"fullName":"sheetStore restoreReplaced registry 中已不存在的 path 返回 not_found","status":"passed","title":"registry 中已不存在的 path 返回 not_found","duration":0.9811000000045169,"failureMessages":[],"meta":{},"tags":[]},{"ancestorTitles":["sheetStore","clearReplacedHistory"],"fullName":"sheetStore clearReplacedHistory 清空回收栈","status":"passed","title":"清空回收栈","duration":2.5328999999983353,"failureMessages":[],"meta":{},"tags":[]},{"ancestorTitles":["sheetStore","hydrate 兼容 circularReplaceEnabled 字段"],"fullName":"sheetStore hydrate 兼容 circularReplaceEnabled 字段 旧版本持久化数据缺失 circularReplaceEnabled 时回退默认 false","status":"passed","title":"旧版本持久化数据缺失 circularReplaceEnabled 时回退默认 false","duration":0.9975000000049477,"failureMessages":[],"meta":{},"tags":[]},{"ancestorTitles":["sheetStore","hydrate 兼容 circularReplaceEnabled 字段"],"fullName":"sheetStore hydrate 兼容 circularReplaceEnabled 字段 新版本持久化数据保留 circularReplaceEnabled=true","status":"passed","title":"新版本持久化数据保留 circularReplaceEnabled=true","duration":0.6568000000042957,"failureMessages":[],"meta":{},"tags":[]}],"startTime":1783305496448,"endTime":1783305496524.6567,"status":"passed","message":"","name":"D:/code/otherProjects/17_xianyu/frontend/src/stores/__tests__/sheetStore.test.ts"},{"assertionResults":[{"ancestorTitles":["SheetWorkspace"],"fullName":"SheetWorkspace 空状态显示提示","status":"passed","title":"空状态显示提示","duration":1075.631699999969,"failureMessages":[],"meta":{},"tags":[]},{"ancestorTitles":["SheetWorkspace"],"fullName":"SheetWorkspace 桌面端渲染标签栏","status":"passed","title":"桌面端渲染标签栏","duration":196.32150000002002,"failureMessages":[],"meta":{},"tags":[]},{"ancestorTitles":["SheetWorkspace"],"fullName":"SheetWorkspace 点击 Tab 切换激活","status":"passed","title":"点击 Tab 切换激活","duration":264.48499999998603,"failureMessages":[],"meta":{},"tags":[]},{"ancestorTitles":["SheetWorkspace"],"fullName":"SheetWorkspace 点击关闭按钮关闭 sheet","status":"passed","title":"点击关闭按钮关闭 sheet","duration":218.06609999999637,"failureMessages":[],"meta":{},"tags":[]},{"ancestorTitles":["SheetWorkspace"],"fullName":"SheetWorkspace 未达上限时可继续打开新 sheet","status":"passed","title":"未达上限时可继续打开新 sheet","duration":127.87330000003567,"failureMessages":[],"meta":{},"tags":[]},{"ancestorTitles":["SheetWorkspace"],"fullName":"SheetWorkspace 打开偏好设置面板","status":"passed","title":"打开偏好设置面板","duration":764.8649999999907,"failureMessages":[],"meta":{},"tags":[]},{"ancestorTitles":["SheetWorkspace","双击关闭"],"fullName":"SheetWorkspace 双击关闭 启用双击关闭后，快速双击激活 tab 触发关闭","status":"passed","title":"启用双击关闭后，快速双击激活 tab 触发关闭","duration":100.5802000000258,"failureMessages":[],"meta":{},"tags":[]},{"ancestorTitles":["SheetWorkspace","双击关闭"],"fullName":"SheetWorkspace 双击关闭 双击间隔超过阈值时不触发关闭","status":"passed","title":"双击间隔超过阈值时不触发关闭","duration":80.79149999999208,"failureMessages":[],"meta":{},"tags":[]},{"ancestorTitles":["SheetWorkspace","双击关闭"],"fullName":"SheetWorkspace 双击关闭 未启用双击关闭时单击仅激活，双击不关闭","status":"passed","title":"未启用双击关闭时单击仅激活，双击不关闭","duration":80.70530000003055,"failureMessages":[],"meta":{},"tags":[]},{"ancestorTitles":["SheetWorkspace","双击关闭"],"fullName":"SheetWorkspace 双击关闭 minimizeInsteadOfClose=true 时双击触发最小化而非关闭","status":"passed","title":"minimizeInsteadOfClose=true 时双击触发最小化而非关闭","duration":131.28370000002906,"failureMessages":[],"meta":{},"tags":[]},{"ancestorTitles":["SheetWorkspace","缩略图模式"],"fullName":"SheetWorkspace 缩略图模式 启用缩略图模式后容器宽度收窄","status":"passed","title":"启用缩略图模式后容器宽度收窄","duration":102.80259999999544,"failureMessages":[],"meta":{},"tags":[]},{"ancestorTitles":["SheetWorkspace","缩略图模式"],"fullName":"SheetWorkspace 缩略图模式 缩略图模式下不渲染纵向标题","status":"passed","title":"缩略图模式下不渲染纵向标题","duration":110.74609999998938,"failureMessages":[],"meta":{},"tags":[]},{"ancestorTitles":["SheetWorkspace","缩略图模式"],"fullName":"SheetWorkspace 缩略图模式 缩略图模式可切换至禁用悬浮提示","status":"passed","title":"缩略图模式可切换至禁用悬浮提示","duration":92.93900000001304,"failureMessages":[],"meta":{},"tags":[]},{"ancestorTitles":["SheetWorkspace","缩略图模式"],"fullName":"SheetWorkspace 缩略图模式 缩略图模式激活态显示关闭按钮，点击后关闭当前 sheet","status":"passed","title":"缩略图模式激活态显示关闭按钮，点击后关闭当前 sheet","duration":157.06690000003437,"failureMessages":[],"meta":{},"tags":[]},{"ancestorTitles":["SheetWorkspace","缩略图模式"],"fullName":"SheetWorkspace 缩略图模式 缩略图模式非激活 tab 不渲染关闭按钮","status":"passed","title":"缩略图模式非激活 tab 不渲染关闭按钮","duration":140.36879999999655,"failureMessages":[],"meta":{},"tags":[]},{"ancestorTitles":["SheetWorkspace","循环替换状态徽标"],"fullName":"SheetWorkspace 循环替换状态徽标 circularReplaceEnabled=true 时标签栏顶部显示状态指示","status":"passed","title":"circularReplaceEnabled=true 时标签栏顶部显示状态指示","duration":196.51699999999255,"failureMessages":[],"meta":{},"tags":[]},{"ancestorTitles":["SheetWorkspace","循环替换状态徽标"],"fullName":"SheetWorkspace 循环替换状态徽标 circularReplaceEnabled=false 时不显示状态徽标（默认）","status":"passed","title":"circularReplaceEnabled=false 时不显示状态徽标（默认）","duration":104.10440000001108,"failureMessages":[],"meta":{},"tags":[]},{"ancestorTitles":["SheetWorkspace","循环替换状态徽标"],"fullName":"SheetWorkspace 循环替换状态徽标 循环替换触发后状态徽标持续显示（状态指示是偏好，不是临时状态）","status":"passed","title":"循环替换触发后状态徽标持续显示（状态指示是偏好，不是临时状态）","duration":274.24599999998463,"failureMessages":[],"meta":{},"tags":[]},{"ancestorTitles":["SheetWorkspace","回收栈 UI"],"fullName":"SheetWorkspace 回收栈 UI 替换产生历史项后，偏好面板中显示回收栈入口","status":"passed","title":"替换产生历史项后，偏好面板中显示回收栈入口","duration":653.9911999999895,"failureMessages":[],"meta":{},"tags":[]}],"startTime":1783305769376,"endTime":1783305774250.9912,"status":"passed","message":"","name":"D:/code/otherProjects/17_xianyu/frontend/src/components/SheetWorkspace/__tests__/SheetWorkspace.test.tsx"},{"assertionResults":[{"ancestorTitles":["useUpdateChecker"],"fullName":"useUpdateChecker 初始状态为 idle","status":"passed","title":"初始状态为 idle","duration":450.05710000003455,"failureMessages":[],"meta":{},"tags":[]},{"ancestorTitles":["useUpdateChecker"],"fullName":"useUpdateChecker 检查更新：无新版本时进入 latest 态，3s 后自动回 idle","status":"passed","title":"检查更新：无新版本时进入 latest 态，3s 后自动回 idle","duration":38.946499999961816,"failureMessages":[],"meta":{},"tags":[]},{"ancestorTitles":["useUpdateChecker"],"fullName":"useUpdateChecker 检查更新：有新版本时进入 newer 态并携带 url 和 latest","status":"passed","title":"检查更新：有新版本时进入 newer 态并携带 url 和 latest","duration":47.508399999991525,"failureMessages":[],"meta":{},"tags":[]},{"ancestorTitles":["useUpdateChecker"],"fullName":"useUpdateChecker 检查更新：newer 态携带 publishedAt 字段（来自 GitHub Releases）","status":"passed","title":"检查更新：newer 态携带 publishedAt 字段（来自 GitHub Releases）","duration":23.13820000004489,"failureMessages":[],"meta":{},"tags":[]},{"ancestorTitles":["useUpdateChecker"],"fullName":"useUpdateChecker 检查更新：网络错误（无 response）归类为 network reason","status":"passed","title":"检查更新：网络错误（无 response）归类为 network reason","duration":20.209099999978207,"failureMessages":[],"meta":{},"tags":[]},{"ancestorTitles":["useUpdateChecker"],"fullName":"useUpdateChecker 检查更新：服务端错误（有 response）归类为 server reason","status":"passed","title":"检查更新：服务端错误（有 response）归类为 server reason","duration":37.89329999999609,"failureMessages":[],"meta":{},"tags":[]},{"ancestorTitles":["useUpdateChecker"],"fullName":"useUpdateChecker copy：剪贴板成功时调用 message.success","status":"passed","title":"copy：剪贴板成功时调用 message.success","duration":79.45819999999367,"failureMessages":[],"meta":{},"tags":[]},{"ancestorTitles":["useUpdateChecker"],"fullName":"useUpdateChecker copy：剪贴板拒绝时不抛错（降级提示）","status":"passed","title":"copy：剪贴板拒绝时不抛错（降级提示）","duration":43.21419999998761,"failureMessages":[],"meta":{},"tags":[]},{"ancestorTitles":["useUpdateChecker"],"fullName":"useUpdateChecker H1: 进入 latest 态后卸载组件应清理 idle 定时器（不触发卸载后 setState）","status":"passed","title":"H1: 进入 latest 态后卸载组件应清理 idle 定时器（不触发卸载后 setState）","duration":36.94209999998566,"failureMessages":[],"meta":{},"tags":[]},{"ancestorTitles":["useUpdateChecker"],"fullName":"useUpdateChecker 自动检查：挂载后 5s 自动触发一次检查","status":"passed","title":"自动检查：挂载后 5s 自动触发一次检查","duration":16.76330000004964,"failureMessages":[],"meta":{},"tags":[]},{"ancestorTitles":["useUpdateChecker"],"fullName":"useUpdateChecker 自动检查：60 分钟后再次触发检查","status":"passed","title":"自动检查：60 分钟后再次触发检查","duration":20.694599999987986,"failureMessages":[],"meta":{},"tags":[]},{"ancestorTitles":["useUpdateChecker"],"fullName":"useUpdateChecker 卸载时清理挂载延迟 timer 和自动检查 interval（不触发后续检查）","status":"passed","title":"卸载时清理挂载延迟 timer 和自动检查 interval（不触发后续检查）","duration":15.639499999990221,"failureMessages":[],"meta":{},"tags":[]},{"ancestorTitles":["useUpdateChecker"],"fullName":"useUpdateChecker 并发抑制：检查进行中再次调用 run 应被跳过","status":"passed","title":"并发抑制：检查进行中再次调用 run 应被跳过","duration":16.840299999981653,"failureMessages":[],"meta":{},"tags":[]}],"startTime":1783305734250,"endTime":1783305735097.8403,"status":"passed","message":"","name":"D:/code/otherProjects/17_xianyu/frontend/src/pages/About/__tests__/useUpdateChecker.test.tsx"},{"assertionResults":[{"ancestorTitles":["resolveActionDisplay","占位类型判定"],"fullName":"resolveActionDisplay 占位类型判定 无订单且评分达标时返回 null（渲染抢单按钮）","status":"passed","title":"无订单且评分达标时返回 null（渲染抢单按钮）","duration":3.2889999999970314,"failureMessages":[],"meta":{},"tags":[]},{"ancestorTitles":["resolveActionDisplay","占位类型判定"],"fullName":"resolveActionDisplay 占位类型判定 评分等于阈值时返回 null（边界 inclusive）","status":"passed","title":"评分等于阈值时返回 null（边界 inclusive）","duration":0.408000000003085,"failureMessages":[],"meta":{},"tags":[]},{"ancestorTitles":["resolveActionDisplay","占位类型判定"],"fullName":"resolveActionDisplay 占位类型判定 评分低于阈值时返回 below_threshold","status":"passed","title":"评分低于阈值时返回 below_threshold","duration":0.48909999999887077,"failureMessages":[],"meta":{},"tags":[]},{"ancestorTitles":["resolveActionDisplay","占位类型判定"],"fullName":"resolveActionDisplay 占位类型判定 score 缺失时按 0 处理，返回 below_threshold","status":"passed","title":"score 缺失时按 0 处理，返回 below_threshold","duration":0.3815000000031432,"failureMessages":[],"meta":{},"tags":[]},{"ancestorTitles":["resolveActionDisplay","占位类型判定"],"fullName":"resolveActionDisplay 占位类型判定 is_sold=true 且评分达标时返回 sold","status":"passed","title":"is_sold=true 且评分达标时返回 sold","duration":0.3533999999999651,"failureMessages":[],"meta":{},"tags":[]},{"ancestorTitles":["resolveActionDisplay","占位类型判定"],"fullName":"resolveActionDisplay 占位类型判定 is_sold=false 时不影响判定，返回 null","status":"passed","title":"is_sold=false 时不影响判定，返回 null","duration":0.31229999999777647,"failureMessages":[],"meta":{},"tags":[]},{"ancestorTitles":["resolveActionDisplay","订单状态判定"],"fullName":"resolveActionDisplay 订单状态判定 order_status=pending_pay 返回 ordered","status":"passed","title":"order_status=pending_pay 返回 ordered","duration":0.37599999999656575,"failureMessages":[],"meta":{},"tags":[]},{"ancestorTitles":["resolveActionDisplay","订单状态判定"],"fullName":"resolveActionDisplay 订单状态判定 order_status=succeeded 返回 ordered","status":"passed","title":"order_status=succeeded 返回 ordered","duration":0.6592000000018743,"failureMessages":[],"meta":{},"tags":[]},{"ancestorTitles":["resolveActionDisplay","订单状态判定"],"fullName":"resolveActionDisplay 订单状态判定 order_status=paid 返回 ordered","status":"passed","title":"order_status=paid 返回 ordered","duration":0.4021999999968102,"failureMessages":[],"meta":{},"tags":[]},{"ancestorTitles":["resolveActionDisplay","订单状态判定"],"fullName":"resolveActionDisplay 订单状态判定 order_status=takeover_pending 返回 ordered","status":"passed","title":"order_status=takeover_pending 返回 ordered","duration":0.5302000000010594,"failureMessages":[],"meta":{},"tags":[]},{"ancestorTitles":["resolveActionDisplay","订单状态判定"],"fullName":"resolveActionDisplay 订单状态判定 order_status=failed 不视为已下单（允许重试）","status":"passed","title":"order_status=failed 不视为已下单（允许重试）","duration":0.301500000001397,"failureMessages":[],"meta":{},"tags":[]},{"ancestorTitles":["resolveActionDisplay","订单状态判定"],"fullName":"resolveActionDisplay 订单状态判定 order_status=cancelled 不视为已下单（允许重试）","status":"passed","title":"order_status=cancelled 不视为已下单（允许重试）","duration":0.2547000000049593,"failureMessages":[],"meta":{},"tags":[]},{"ancestorTitles":["resolveActionDisplay","优先级顺序：ordered > sold > below_threshold"],"fullName":"resolveActionDisplay 优先级顺序：ordered > sold > below_threshold 已下单 + 已售：ordered 优先","status":"passed","title":"已下单 + 已售：ordered 优先","duration":0.26600000000325963,"failureMessages":[],"meta":{},"tags":[]},{"ancestorTitles":["resolveActionDisplay","优先级顺序：ordered > sold > below_threshold"],"fullName":"resolveActionDisplay 优先级顺序：ordered > sold > below_threshold 订单失败 + 已售：sold 优先于按钮","status":"passed","title":"订单失败 + 已售：sold 优先于按钮","duration":0.25879999999597203,"failureMessages":[],"meta":{},"tags":[]},{"ancestorTitles":["resolveActionDisplay","优先级顺序：ordered > sold > below_threshold"],"fullName":"resolveActionDisplay 优先级顺序：ordered > sold > below_threshold 订单取消 + 已售：sold 优先于按钮","status":"passed","title":"订单取消 + 已售：sold 优先于按钮","duration":0.24769999999989523,"failureMessages":[],"meta":{},"tags":[]},{"ancestorTitles":["resolveActionDisplay","优先级顺序：ordered > sold > below_threshold"],"fullName":"resolveActionDisplay 优先级顺序：ordered > sold > below_threshold 订单失败 + 已售 + 低分：sold 优先于 below_threshold","status":"passed","title":"订单失败 + 已售 + 低分：sold 优先于 below_threshold","duration":0.2107999999934691,"failureMessages":[],"meta":{},"tags":[]},{"ancestorTitles":["resolveActionDisplay","优先级顺序：ordered > sold > below_threshold"],"fullName":"resolveActionDisplay 优先级顺序：ordered > sold > below_threshold 已下单 + 低分：ordered 优先于 below_threshold","status":"passed","title":"已下单 + 低分：ordered 优先于 below_threshold","duration":0.21459999999933643,"failureMessages":[],"meta":{},"tags":[]},{"ancestorTitles":["resolveActionDisplay","边界场景"],"fullName":"resolveActionDisplay 边界场景 is_sold 缺失（undefined）时按未售处理","status":"passed","title":"is_sold 缺失（undefined）时按未售处理","duration":0.25499999999738066,"failureMessages":[],"meta":{},"tags":[]},{"ancestorTitles":["resolveActionDisplay","边界场景"],"fullName":"resolveActionDisplay 边界场景 order_status 为空字符串时按无订单处理","status":"passed","title":"order_status 为空字符串时按无订单处理","duration":0.23470000000088476,"failureMessages":[],"meta":{},"tags":[]},{"ancestorTitles":["resolveActionDisplay","边界场景"],"fullName":"resolveActionDisplay 边界场景 autoBuyScore=0 时 score=0 也可抢","status":"passed","title":"autoBuyScore=0 时 score=0 也可抢","duration":0.288300000000163,"failureMessages":[],"meta":{},"tags":[]}],"startTime":1783305472023,"endTime":1783305472034.2883,"status":"passed","message":"","name":"D:/code/otherProjects/17_xianyu/frontend/src/pages/Evaluations/__tests__/resolveActionDisplay.test.ts"}]}