<?xml version="1.0" encoding="utf-8"?><testsuites name="pytest tests"><testsuite name="pytest" errors="0" failures="0" skipped="0" tests="10" time="12.497" timestamp="2026-07-24T18:21:09.079941+08:00" hostname="DESKTOP-G10O4NL"><testcase classname="tests.test_auth_middleware_mu2" name="test_make_auth_response_with_session_token" time="0.054" /><testcase classname="tests.test_auth_middleware_mu2" name="test_make_auth_response_without_session_token_fallback" time="0.027" /><testcase classname="tests.test_auth_middleware_mu2" name="test_web_token_passes_through" time="0.088" /><testcase classname="tests.test_auth_middleware_mu2" name="test_session_token_injects_user_id" time="0.061" /><testcase classname="tests.test_auth_middleware_mu2" name="test_invalid_token_returns_401" time="0.062" /><testcase classname="tests.test_auth_middleware_mu2" name="test_valid_cookie_session_used_when_authorization_header_is_stale" time="0.051" /><testcase classname="tests.test_auth_middleware_mu2" name="test_public_path_no_auth_required" time="0.063" /><testcase classname="tests.test_auth_middleware_mu2" name="test_make_auth_response_with_empty_session_token_falls_back" time="0.036" /><testcase classname="tests.test_auth_middleware_mu2" name="test_session_verify_exception_returns_401" time="0.051" /><testcase classname="tests.test_auth_middleware_mu2" name="test_auth_me_preserves_current_session_token_cookie" time="0.059" /></testsuite></testsuites>