<?xml version="1.0" encoding="utf-8"?><testsuites name="pytest tests"><testsuite name="pytest" errors="0" failures="0" skipped="0" tests="13" time="11.396" timestamp="2026-07-24T18:20:37.806155+08:00" hostname="DESKTOP-G10O4NL"><testcase classname="tests.test_unified_login_mu2" name="test_finalize_multi_user_login_calls_identify_issue_export" time="0.088" /><testcase classname="tests.test_unified_login_mu2" name="test_finalize_multi_user_login_stores_session_token_in_session" time="0.044" /><testcase classname="tests.test_unified_login_mu2" name="test_finalize_multi_user_login_returns_none_on_empty_cookies" time="0.051" /><testcase classname="tests.test_unified_login_mu2" name="test_finalize_multi_user_login_returns_none_on_exception" time="0.043" /><testcase classname="tests.test_unified_login_mu2" name="test_background_wait_calls_finalize_on_browser_success" time="0.077" /><testcase classname="tests.test_unified_login_mu2" name="test_background_wait_skips_finalize_on_failure" time="0.072" /><testcase classname="tests.test_unified_login_mu2" name="test_background_wait_qr_calls_finalize_on_success" time="0.073" /><testcase classname="tests.test_unified_login_mu2" name="test_login_status_sets_session_token_cookie_on_success" time="0.043" /><testcase classname="tests.test_unified_login_mu2" name="test_login_status_no_cookie_when_not_success" time="0.035" /><testcase classname="tests.test_unified_login_mu2" name="test_login_status_allows_slow_packaged_helper_startup" time="0.557" /><testcase classname="tests.test_unified_login_mu2" name="test_login_status_still_times_out_stale_waiting_heartbeat" time="0.568" /><testcase classname="tests.test_unified_login_mu2" name="test_packaged_browser_login_uses_launcher_script_dispatch" time="0.536" /><testcase classname="tests.test_unified_login_mu2" name="test_reset_session_clears_multi_user_fields" time="0.031" /></testsuite></testsuites>