<?xml version="1.0" encoding="utf-8"?><testsuites name="pytest tests"><testsuite name="pytest" errors="0" failures="0" skipped="0" tests="11" time="18.511" timestamp="2026-07-24T18:20:07.621898+08:00" hostname="DESKTOP-G10O4NL"><testcase classname="tests.test_browser_login_launch" name="test_login_launch_args_disable_system_proxy_when_not_configured" time="13.937" /><testcase classname="tests.test_browser_login_launch" name="test_login_launch_args_use_configured_proxy_when_present" time="0.036" /><testcase classname="tests.test_browser_login_launch" name="test_login_resource_filter_allows_ali_login_cdn_images" time="0.031" /><testcase classname="tests.test_browser_login_launch" name="test_login_resource_filter_allows_ali_tracking_cookie_domains" time="0.035" /><testcase classname="tests.test_browser_login_launch" name="test_login_resource_filter_still_blocks_unrelated_images" time="0.027" /><testcase classname="tests.test_browser_login_launch" name="test_recoverable_profile_launch_error_detects_edge_exit_code" time="0.028" /><testcase classname="tests.test_browser_login_launch" name="test_quarantine_browser_profile_moves_existing_profile" time="0.042" /><testcase classname="tests.test_browser_login_launch" name="test_launch_context_retries_with_rebuilt_profile_after_edge_profile_crash" time="0.049" /><testcase classname="tests.test_browser_login_launch" name="test_launch_context_uses_recovery_profile_when_quarantine_denied" time="0.048" /><testcase classname="tests.test_browser_login_launch" name="test_collect_settled_cookies_keeps_waiting_while_cookie_count_grows" time="0.046" /><testcase classname="tests.test_browser_login_launch" name="test_prepare_login_cookie_export_updates_running_status" time="3.042" /></testsuite></testsuites>